<?xml version="1.0" encoding="UTF-8"?>
<!-- Generated by org.testng.reporters.JUnitReportReporter -->
<testsuite hostname="BDTUDV31377" name="RestAssured_Requests.UpdatePriority" tests="1" failures="0" timestamp="10 Mar 2020 05:45:25 GMT" time="0.057" errors="0">
  <testcase name="updatePriorityTest" time="0.057" classname="RestAssured_Requests.UpdatePriority"/>
</testsuite> <!-- RestAssured_Requests.UpdatePriority -->
