<?xml version="1.0" encoding="UTF-8"?>
<!-- Generated by org.testng.reporters.JUnitReportReporter -->
<testsuite hostname="BDTUDV31377" name="RestAssured_Requests.CreateIssueWithCommentsJira" tests="2" failures="0" timestamp="26 Mar 2020 09:23:55 GMT" time="2.691" errors="0">
  <testcase name="addCommentTest" time="0.643" classname="RestAssured_Requests.CreateIssueWithCommentsJira"/>
  <testcase name="createIssueTest" time="2.048" classname="RestAssured_Requests.CreateIssueWithCommentsJira"/>
</testsuite> <!-- RestAssured_Requests.CreateIssueWithCommentsJira -->
