<?xml version="1.0" encoding="UTF-8"?>
<!-- Generated by org.testng.reporters.JUnitReportReporter -->
<testsuite hostname="BDTUDV31377" name="RestAssured_Requests.CreateIssue_JiraAPI" tests="2" failures="0" timestamp="29 Feb 2020 14:10:11 GMT" time="0.918" errors="0">
  <testcase name="addCommentTest" time="0.254" classname="RestAssured_Requests.CreateIssue_JiraAPI"/>
  <testcase name="createIssueTest" time="0.664" classname="RestAssured_Requests.CreateIssue_JiraAPI"/>
</testsuite> <!-- RestAssured_Requests.CreateIssue_JiraAPI -->
