<?xml version="1.0" encoding="UTF-8"?>
<!-- Generated by org.testng.reporters.JUnitReportReporter -->
<testsuite hostname="BDTUDV31377" name="RestAssured_Requests.createCusotmer_ExcelData" tests="1" failures="0" timestamp="2 Mar 2020 05:18:19 GMT" time="0.006" errors="0">
  <testcase name="createCusomerTest" time="0.006" classname="RestAssured_Requests.createCusotmer_ExcelData"/>
</testsuite> <!-- RestAssured_Requests.createCusotmer_ExcelData -->
