<?xml version="1.0" encoding="UTF-8"?>
<!-- Generated by org.testng.reporters.JUnitReportReporter -->
<testsuite hostname="BDTUDV31377" name="Resources.resources" tests="1" failures="0" timestamp="29 Feb 2020 07:49:04 GMT" time="2.131" errors="0">
  <testcase name="createSession_Test" time="2.131" classname="Resources.resources"/>
</testsuite> <!-- Resources.resources -->
