<?xml version="1.0" encoding="UTF-8"?>
<!-- Generated by org.testng.reporters.JUnitReportReporter -->
<testsuite hostname="BDTUDV31377" name="RestAssured_Requests.DeleteIssue" tests="1" failures="0" timestamp="2 Mar 2020 06:23:33 GMT" time="9.135" errors="0">
  <testcase name="deleteIssueTest" time="9.135" classname="RestAssured_Requests.DeleteIssue"/>
</testsuite> <!-- RestAssured_Requests.DeleteIssue -->
