<?xml version="1.0" encoding="UTF-8"?>
<!-- Generated by org.testng.reporters.JUnitReportReporter -->
<testsuite hostname="BDTUDV31377" name="RestAssured_Requests.CreatingSession_JiraAPI" tests="1" failures="0" timestamp="28 Feb 2020 10:22:36 GMT" time="11.516" errors="0">
  <testcase name="createSession_Test" time="11.516" classname="RestAssured_Requests.CreatingSession_JiraAPI"/>
</testsuite> <!-- RestAssured_Requests.CreatingSession_JiraAPI -->
