<?xml version="1.0" encoding="UTF-8"?>
<!-- Generated by org.testng.reporters.JUnitReportReporter -->
<testsuite hostname="BDTUDV31377" name="RestAssured_Requests.AssignIssue" tests="1" failures="0" timestamp="10 Mar 2020 05:45:25 GMT" time="0.459" errors="0">
  <testcase name="assignIssueTest" time="0.459" classname="RestAssured_Requests.AssignIssue"/>
</testsuite> <!-- RestAssured_Requests.AssignIssue -->
